{
  "RSpec": {
    "coverage": {
      "/Users/mikefoy/turing/4module/takehome_challenges/tea-api/app/models/customer.rb": {
        "lines": [
          1,
          1,
          1,
          null,
          1,
          1,
          1,
          1,
          null
        ]
      },
      "/Users/mikefoy/turing/4module/takehome_challenges/tea-api/app/models/application_record.rb": {
        "lines": [
          1,
          1,
          null
        ]
      },
      "/Users/mikefoy/turing/4module/takehome_challenges/tea-api/app/models/subscription.rb": {
        "lines": [
          1,
          1,
          1,
          null,
          1,
          1,
          1,
          1,
          null
        ]
      },
      "/Users/mikefoy/turing/4module/takehome_challenges/tea-api/app/models/tea.rb": {
        "lines": [
          1,
          1,
          1,
          null,
          1,
          1,
          1,
          1,
          null
        ]
      },
      "/Users/mikefoy/turing/4module/takehome_challenges/tea-api/app/controllers/api/v1/customers/subscriptions_controller.rb": {
        "lines": [
          1,
          1,
          1,
          null,
          1,
          3,
          3,
          1,
          2,
          1,
          null,
          1,
          null,
          null,
          null,
          1,
          1,
          1,
          null,
          1,
          null,
          null,
          1,
          1,
          null,
          null,
          1,
          null,
          1,
          3,
          null,
          null,
          1,
          6,
          null,
          null,
          1,
          4,
          4,
          1,
          null,
          null,
          null
        ]
      },
      "/Users/mikefoy/turing/4module/takehome_challenges/tea-api/app/controllers/application_controller.rb": {
        "lines": [
          1,
          null
        ]
      },
      "/Users/mikefoy/turing/4module/takehome_challenges/tea-api/app/serializers/subscription_serializer.rb": {
        "lines": [
          1,
          1,
          null,
          1,
          null
        ]
      }
    },
    "timestamp": 1628206887
  }
}
